<?xml version="1.0" encoding="UTF-8"?>
<!-- Generated by org.testng.reporters.JUnitXMLReporter -->
<testsuite hostname="DESKTOP-9RHOSSO" name="Default test" tests="6" failures="0" timestamp="1 Jan 2019 21:40:34 GMT" time="31.679" errors="0">
  <testcase name="test_Home_Page_Appear_Correct" time="1.014" classname="TestCases.TestCases"/>
  <testcase name="test_Logged_In" time="3.092" classname="TestCases.TestCases"/>
  <testcase name="test_text_is_searched" time="5.076" classname="TestCases.TestCases"/>
  <testcase name="test_search_results_are_related" time="3.039" classname="TestCases.TestCases"/>
  <testcase name="test_correctly_added_to_favorites" time="12.189" classname="TestCases.TestCases"/>
  <testcase name="test_correctly_removed_from_favorites" time="2.446" classname="TestCases.TestCases"/>
</testsuite> <!-- Default test -->
